<?xml version="1.0" encoding="UTF-8"?>
<testsuite name="shop.ryuseulgi.goodCasting.user.actor.ActorCrawling2" tests="1" skipped="0" failures="0" errors="0" timestamp="2021-05-21T05:47:05" hostname="seulgiui-MacBookPro.local" time="0.851">
  <properties/>
  <testcase name="test1()" classname="shop.ryuseulgi.goodCasting.user.actor.ActorCrawling2" time="0.851"/>
  <system-out><![CDATA[<a href="/actorsProfile/10414142/page/1?sort_index=list_order&amp;order_type=asc"><img src="https://www.filmmakers.co.kr/files/thumbnails/142/414/010/200x250.crop.jpg?20210521142814" alt="" class="ui fluid image"></a>
<a href="/actorsProfile/10413813/page/1?sort_index=list_order&amp;order_type=asc"><img src="https://www.filmmakers.co.kr/files/thumbnails/813/413/010/200x250.crop.jpg?20210521132446" alt="" class="ui fluid image"></a>
<a href="/actorsProfile/10413305/page/1?sort_index=list_order&amp;order_type=asc"><img src="https://www.filmmakers.co.kr/files/thumbnails/305/413/010/200x250.crop.jpg?20210521133142" alt="" class="ui fluid image"></a>
<a href="/actorsProfile/10413107/page/1?sort_index=list_order&amp;order_type=asc"><img src="https://www.filmmakers.co.kr/files/thumbnails/107/413/010/200x250.crop.jpg?20210521132124" alt="" class="ui fluid image"></a>
<a href="/actorsProfile/10411829/page/1?sort_index=list_order&amp;order_type=asc"><img src="https://www.filmmakers.co.kr/files/thumbnails/829/411/010/200x250.crop.jpg?20210521092331" alt="" class="ui fluid image"></a>
<a href="/actorsProfile/10411303/page/1?sort_index=list_order&amp;order_type=asc"><img src="https://www.filmmakers.co.kr/files/thumbnails/303/411/010/200x250.crop.jpg?20210521023613" alt="" class="ui fluid image"></a>
<a href="/actorsProfile/10411117/page/1?sort_index=list_order&amp;order_type=asc"><img src="https://www.filmmakers.co.kr/files/thumbnails/117/411/010/200x250.crop.jpg?20210521014933" alt="" class="ui fluid image"></a>
<a href="/actorsProfile/10411043/page/1?sort_index=list_order&amp;order_type=asc"><img src="https://www.filmmakers.co.kr/files/thumbnails/043/411/010/200x250.crop.jpg?20210521140111" alt="" class="ui fluid image"></a>
<a href="/actorsProfile/10411001/page/1?sort_index=list_order&amp;order_type=asc"><img src="https://www.filmmakers.co.kr/files/thumbnails/001/411/010/200x250.crop.jpg?20210521010703" alt="" class="ui fluid image"></a>
<a href="/actorsProfile/10410813/page/1?sort_index=list_order&amp;order_type=asc"><img src="https://www.filmmakers.co.kr/files/thumbnails/813/410/010/200x250.crop.jpg?20210521125208" alt="" class="ui fluid image"></a>
<a href="/actorsProfile/10410419/page/1?sort_index=list_order&amp;order_type=asc"><img src="https://www.filmmakers.co.kr/files/thumbnails/419/410/010/200x250.crop.jpg?20210520233506" alt="" class="ui fluid image"></a>
<a href="/actorsProfile/10410266/page/1?sort_index=list_order&amp;order_type=asc"><img src="https://www.filmmakers.co.kr/files/thumbnails/266/410/010/200x250.crop.jpg?20210520225517" alt="" class="ui fluid image"></a>
<a href="/actorsProfile/10408800/page/1?sort_index=list_order&amp;order_type=asc"><img src="https://www.filmmakers.co.kr/files/thumbnails/800/408/010/200x250.crop.jpg?20210520191900" alt="" class="ui fluid image"></a>
<a href="/actorsProfile/10406972/page/1?sort_index=list_order&amp;order_type=asc"><img src="https://www.filmmakers.co.kr/files/thumbnails/972/406/010/200x250.crop.jpg?20210521121600" alt="" class="ui fluid image"></a>
<a href="/actorsProfile/10404549/page/1?sort_index=list_order&amp;order_type=asc"><img src="https://www.filmmakers.co.kr/files/thumbnails/549/404/010/200x250.crop.jpg?20210520113139" alt="" class="ui fluid image"></a>
<a href="/actorsProfile/10404549/page/1?sort_index=list_order&amp;order_type=asc">서해나</a>
<a href="/actorsProfile/10403379/page/1?sort_index=list_order&amp;order_type=asc"><img src="https://www.filmmakers.co.kr/files/thumbnails/379/403/010/200x250.crop.jpg?20210520074621" alt="" class="ui fluid image"></a>
<a href="/actorsProfile/10403379/page/1?sort_index=list_order&amp;order_type=asc">임호선 ...</a>
<a href="/actorsProfile/10403016/page/1?sort_index=list_order&amp;order_type=asc"><img src="https://www.filmmakers.co.kr/files/thumbnails/016/403/010/200x250.crop.jpg?20210521102113" alt="" class="ui fluid image"></a>
<a href="/actorsProfile/10403016/page/1?sort_index=list_order&amp;order_type=asc">홍나림</a>
<a href="/actorsProfile/10400522/page/1?sort_index=list_order&amp;order_type=asc"><img src="https://www.filmmakers.co.kr/files/thumbnails/522/400/010/200x250.crop.jpg?20210521132335" alt="" class="ui fluid image"></a>
<a href="/actorsProfile/10400522/page/1?sort_index=list_order&amp;order_type=asc">원하진</a>
<a href="/actorsProfile/10400093/page/1?sort_index=list_order&amp;order_type=asc"><img src="https://www.filmmakers.co.kr/files/thumbnails/093/400/010/200x250.crop.jpg?20210519143436" alt="" class="ui fluid image"></a>
<a href="/actorsProfile/10400093/page/1?sort_index=list_order&amp;order_type=asc">시쳰쳰</a>
<a href="/actorsProfile/10397959/page/1?sort_index=list_order&amp;order_type=asc"><img src="https://www.filmmakers.co.kr/files/thumbnails/959/397/010/200x250.crop.jpg?20210521115851" alt="" class="ui fluid image"></a>
<a href="/actorsProfile/10397959/page/1?sort_index=list_order&amp;order_type=asc">정지환</a>
<a href="/actorsProfile/10397702/page/1?sort_index=list_order&amp;order_type=asc"><img src="https://www.filmmakers.co.kr/files/thumbnails/702/397/010/200x250.crop.jpg?20210519015210" alt="" class="ui fluid image"></a>
<a href="/actorsProfile/10397702/page/1?sort_index=list_order&amp;order_type=asc">주하린</a>
<a href="/actorsProfile/10397291/page/1?sort_index=list_order&amp;order_type=asc"><img src="https://www.filmmakers.co.kr/files/thumbnails/291/397/010/200x250.crop.jpg?20210518235220" alt="" class="ui fluid image"></a>
<a href="/actorsProfile/10397291/page/1?sort_index=list_order&amp;order_type=asc">윤태우</a>
<a href="/actorsProfile/10395968/page/1?sort_index=list_order&amp;order_type=asc"><img src="https://www.filmmakers.co.kr/files/thumbnails/968/395/010/200x250.crop.jpg?20210519064802" alt="" class="ui fluid image"></a>
<a href="/actorsProfile/10395968/page/1?sort_index=list_order&amp;order_type=asc">전하린</a>
<a href="/actorsProfile/10394610/page/1?sort_index=list_order&amp;order_type=asc"><img src="http://placehold.it/200x200&amp;text=No+Image" class="ui fluid image"></a>
<a href="/actorsProfile/10394610/page/1?sort_index=list_order&amp;order_type=asc">윤태서</a>
]]></system-out>
  <system-err><![CDATA[]]></system-err>
</testsuite>
